[LOG] System::create                           : Header version = 2.02.07. Current version = 2.02.07.
[LOG] Manager::init                            : maxchannels = 256 studioflags = 00000006 flags 00000000 extradriverdata 0000000000000000.
[LOG] SystemI::init                            : Initialize version=20207 (125130), maxchannels=256, flags=0x00020000
[LOG] SystemI::setOutputInternal               : Setting output to 'FMOD WASAPI Output'
[LOG] OutputWASAPI::init                       : Mix Format (WAVEFORMATEX): wFormatTag=0xFFFE, nChannels=2, nSamplesPerSec=48000, nAvgBytesPerSec=384000, nBlockAlign=8, wBitsPerSample=32, cbSize=22.
[LOG] OutputWASAPI::init                       : Mix Format (WAVEFORMATEXTENSIBLE): wValidBitsPerSample=32, dwChannelMask=0x00000003, SubFormat=00000003-0000-0010-8000-00AA00389B71.
[LOG] OutputWASAPI::init                       : Output buffer size: 4096 samples, latency: 0.00ms, period: 10.00ms, DSP buffer: 1024 * 4
[LOG] Thread::initThread                       : Init FMOD stream thread. Affinity: 0x4000000000000003, Priority: 0xFFFF7FFB, Stack Size: 98304, Semaphore: No, Sleep Time: 10, Looping: Yes.
[LOG] Thread::initThread                       : Init FMOD mixer thread. Affinity: 0x4000000000000001, Priority: 0xFFFF7FFA, Stack Size: 81920, Semaphore: No, Sleep Time: 0, Looping: Yes.
[LOG] AsyncManager::init                       : manager 00000268157492A8 isAsync 0 updatePeriod 0.02
[LOG] AsyncManager::init                       : done
[LOG] PlaybackSystem::init                     : 
[LOG] Thread::initThread                       : Init FMOD Studio sample load thread. Affinity: 0x4000000000000003, Priority: 0xFFFF7FFD, Stack Size: 98304, Semaphore: No, Sleep Time: 1, Looping: No.
[LOG] PlaybackSystem::init                     : done
[LOG] Thread::initThread                       : Init FMOD Studio bank load thread. Affinity: 0x4000000000000003, Priority: 0xFFFF7FFD, Stack Size: 98304, Semaphore: No, Sleep Time: 1, Looping: No.
[LOG] Manager::init                            : done.
[LOG] Manager::readBank                        : fileversion = 142, compatVersion = 140 (oldest = 44, newest = 142)
[LOG] Manager::readBank                        : fileversion = 142, compatVersion = 140 (oldest = 44, newest = 142)
[LOG] Manager::readBank                        : fileversion = 142, compatVersion = 140 (oldest = 44, newest = 142)
[LOG] PlaybackSystem::acquireMasterBus         : Setting master channel group format to 6
[LOG] SystemI::createSoundInternal             : Create name='', mode=0x02000202
[LOG] SystemI::createSoundInternal             : exinfo->cbsize             = 224
[LOG] SystemI::createSoundInternal             : exinfo->length             = 1526080
[LOG] SystemI::createSoundInternal             : exinfo->fileoffset         = 21088
[LOG] SystemI::createSoundInternal             : exinfo->numsubsounds       = 1
[LOG] SystemI::createSoundInternal             : exinfo->inclusionlist      = 000000D4A3F0EE88
[LOG] SystemI::createSoundInternal             : exinfo->inclusionlistnum   = 1
[LOG] SystemI::createSoundInternal             : exinfo->suggestedsoundtype = 5
[LOG] SystemI::createSoundInternal             : exinfo->useropen           = 00007FFEAE4A46D0
[LOG] SystemI::createSoundInternal             : exinfo->userclose          = 00007FFEAE4A46A0
[LOG] SystemI::createSoundInternal             : exinfo->userread           = 00007FFEAE4A47A0
[LOG] SystemI::createSoundInternal             : exinfo->userseek           = 00007FFEAE4A4860
[LOG] SystemI::createSoundInternal             : exinfo->fileuserdata       = 000002684FDAF0D8
[LOG] SystemI::createSoundInternal             : exinfo->initialseekpostype = 1
[LOG] SystemI::DSPCodecPoolRegister            : register codec pool for pool type 5
[LOG] SystemI::createSoundInternal             : Sample 0/1: name='Triangle_Basic_Shot', format=5, channels=2, frequency=48000, lengthbytes=6784, lengthpcm=28839, pcmblocksize=0, loopstart=0, loopend=0, mode=0x00000000, channelmask=0x00000000, channelorder=0, peakvolume=0.151489.
[LOG] SystemI::createSoundInternal             : Create name='', mode=0x02000202
[LOG] SystemI::createSoundInternal             : exinfo->cbsize             = 224
[LOG] SystemI::createSoundInternal             : exinfo->length             = 1526080
[LOG] SystemI::createSoundInternal             : exinfo->fileoffset         = 21088
[LOG] SystemI::createSoundInternal             : exinfo->numsubsounds       = 1
[LOG] SystemI::createSoundInternal             : exinfo->inclusionlist      = 000000D4A3F0EE88
[LOG] SystemI::createSoundInternal             : exinfo->inclusionlistnum   = 1
[LOG] SystemI::createSoundInternal             : exinfo->suggestedsoundtype = 5
[LOG] SystemI::createSoundInternal             : exinfo->useropen           = 00007FFEAE4A46D0
[LOG] SystemI::createSoundInternal             : exinfo->userclose          = 00007FFEAE4A46A0
[LOG] SystemI::createSoundInternal             : exinfo->userread           = 00007FFEAE4A47A0
[LOG] SystemI::createSoundInternal             : exinfo->userseek           = 00007FFEAE4A4860
[LOG] SystemI::createSoundInternal             : exinfo->fileuserdata       = 000002684FDAF4F8
[LOG] SystemI::createSoundInternal             : exinfo->initialseekpostype = 1
[LOG] SystemI::DSPCodecPoolRegister            : register codec pool for pool type 5
[LOG] SystemI::createSoundInternal             : Sample 0/1: name='Dice Charge', format=5, channels=2, frequency=48000, lengthbytes=20768, lengthpcm=84009, pcmblocksize=0, loopstart=0, loopend=0, mode=0x00000000, channelmask=0x00000000, channelorder=0, peakvolume=0.469208.
[LOG] SystemI::createSoundInternal             : Create name='', mode=0x02000202
[LOG] SystemI::createSoundInternal             : exinfo->cbsize             = 224
[LOG] SystemI::createSoundInternal             : exinfo->length             = 1526080
[LOG] SystemI::createSoundInternal             : exinfo->fileoffset         = 21088
[LOG] SystemI::createSoundInternal             : exinfo->numsubsounds       = 1
[LOG] SystemI::createSoundInternal             : exinfo->inclusionlist      = 000000D4A3F0EE88
[LOG] SystemI::createSoundInternal             : exinfo->inclusionlistnum   = 1
[LOG] SystemI::createSoundInternal             : exinfo->suggestedsoundtype = 5
[LOG] SystemI::createSoundInternal             : exinfo->useropen           = 00007FFEAE4A46D0
[LOG] SystemI::createSoundInternal             : exinfo->userclose          = 00007FFEAE4A46A0
[LOG] SystemI::createSoundInternal             : exinfo->userread           = 00007FFEAE4A47A0
[LOG] SystemI::createSoundInternal             : exinfo->userseek           = 00007FFEAE4A4860
[LOG] SystemI::createSoundInternal             : exinfo->fileuserdata       = 000002684FDAF4F8
[LOG] SystemI::createSoundInternal             : exinfo->initialseekpostype = 1
[LOG] SystemI::DSPCodecPoolRegister            : register codec pool for pool type 5
[LOG] SystemI::createSoundInternal             : Sample 0/1: name='Dice Pop', format=5, channels=2, frequency=48000, lengthbytes=19552, lengthpcm=99056, pcmblocksize=0, loopstart=0, loopend=0, mode=0x00000000, channelmask=0x00000000, channelorder=0, peakvolume=0.604187.
[LOG] SystemI::createSound                     : filename = Assets/GMTK 2022 FMOD/Build/Desktop/Master.bank : mode 02010082
[LOG] SystemI::createSound                     : FMOD_NONBLOCKING specified.  Putting into queue to be opened asynchronously!
[LOG] SystemI::createSound                     : setdata soundi = 00000268415E8048 : node = 0000026491877320
[LOG] SystemI::createSound                     : add node to async list : head = 00000268DE5C7548.  list count = 0
[LOG] AsyncThread::threadFunc                  : Starting Asynchronous operation on sound 00000268415E8048
[LOG] SystemI::createSoundInternal             :     Create name='Assets/GMTK 2022 FMOD/Build/Desktop/Master.bank', mode=0x02010082
[LOG] SystemI::createSoundInternal             :     exinfo->cbsize             = 224
[LOG] SystemI::createSoundInternal             :     exinfo->length             = 1526080
[LOG] SystemI::createSoundInternal             :     exinfo->fileoffset         = 21088
[LOG] SystemI::createSoundInternal             :     exinfo->numsubsounds       = 1
[LOG] SystemI::createSoundInternal             :     exinfo->inclusionlist      = 0000026491877430
[LOG] SystemI::createSoundInternal             :     exinfo->inclusionlistnum   = 1
[LOG] SystemI::createSoundInternal             :     exinfo->suggestedsoundtype = 5
[LOG] SystemI::createSoundInternal             :     exinfo->initialseekpostype = 1
[LOG] SystemI::createSoundInternal             :     Stream 0/1: name='Roll of the Dice main loop', format=5, channels=2, frequency=48000, lengthbytes=321312, lengthpcm=1365333, pcmblocksize=0, loopstart=0, loopend=0, mode=0x00000000, channelmask=0x00000000, channelorder=0, peakvolume=1.000000.
[LOG] AsyncThread::threadFunc                  : Finished Asynchronous operation on sound 00000268415E8048
[LOG] SoundI::release                          : Roll of the Dice main loop (0000026852DC9318)
[LOG] SoundI::release                          :     Roll of the Dice main loop (00000267D25C2378)
[LOG] SoundI::release                          :     Roll of the Dice main loop (000002683DA949B8)
[LOG] SystemI::createSound                     : filename = Assets/GMTK 2022 FMOD/Build/Desktop/Master.bank : mode 02010082
[LOG] SystemI::createSound                     : FMOD_NONBLOCKING specified.  Putting into queue to be opened asynchronously!
[LOG] SystemI::createSound                     : setdata soundi = 00000268350155D8 : node = 0000026491877D20
[LOG] SystemI::createSound                     : add node to async list : head = 00000268DE5C7548.  list count = 0
[LOG] SystemI::createSound                     : filename = Assets/GMTK 2022 FMOD/Build/Desktop/Master.bank : mode 02010082
[LOG] SystemI::createSound                     : FMOD_NONBLOCKING specified.  Putting into queue to be opened asynchronously!
[LOG] SystemI::createSound                     : setdata soundi = 0000026835015788 : node = 00000264918770A0
[LOG] SystemI::createSound                     : add node to async list : head = 00000268DE5C7548.  list count = 0
[LOG] AsyncThread::threadFunc                  : Starting Asynchronous operation on sound 00000268350155D8
[LOG] SystemI::createSoundInternal             :     Create name='Assets/GMTK 2022 FMOD/Build/Desktop/Master.bank', mode=0x02010082
[LOG] SystemI::createSoundInternal             :     exinfo->cbsize             = 224
[LOG] SystemI::createSoundInternal             :     exinfo->length             = 1526080
[LOG] SystemI::createSoundInternal             :     exinfo->fileoffset         = 21088
[LOG] SystemI::createSoundInternal             :     exinfo->numsubsounds       = 1
[LOG] SystemI::createSoundInternal             :     exinfo->inclusionlist      = 0000026491877E30
[LOG] SystemI::createSoundInternal             :     exinfo->inclusionlistnum   = 1
[LOG] SystemI::createSoundInternal             :     exinfo->suggestedsoundtype = 5
[LOG] SystemI::createSoundInternal             :     exinfo->initialseekpostype = 1
[LOG] SystemI::createSoundInternal             :     Stream 0/1: name='Roll of the Dice main loop', format=5, channels=2, frequency=48000, lengthbytes=321312, lengthpcm=1365333, pcmblocksize=0, loopstart=0, loopend=0, mode=0x00000000, channelmask=0x00000000, channelorder=0, peakvolume=1.000000.
[LOG] AsyncThread::threadFunc                  : Finished Asynchronous operation on sound 00000268350155D8
[LOG] AsyncThread::threadFunc                  : Starting Asynchronous operation on sound 0000026835015788
[LOG] SystemI::createSoundInternal             :     Create name='Assets/GMTK 2022 FMOD/Build/Desktop/Master.bank', mode=0x02010082
[LOG] SystemI::createSoundInternal             :     exinfo->cbsize             = 224
[LOG] SystemI::createSoundInternal             :     exinfo->length             = 1526080
[LOG] SystemI::createSoundInternal             :     exinfo->fileoffset         = 21088
[LOG] SystemI::createSoundInternal             :     exinfo->numsubsounds       = 1
[LOG] SystemI::createSoundInternal             :     exinfo->inclusionlist      = 00000264918771B0
[LOG] SystemI::createSoundInternal             :     exinfo->inclusionlistnum   = 1
[LOG] SystemI::createSoundInternal             :     exinfo->suggestedsoundtype = 5
[LOG] SystemI::createSoundInternal             :     exinfo->initialseekpostype = 1
[LOG] SystemI::createSoundInternal             :     Stream 0/1: name='Roll of the Dice layer 2', format=5, channels=2, frequency=48000, lengthbytes=170400, lengthpcm=1365333, pcmblocksize=0, loopstart=0, loopend=0, mode=0x00000000, channelmask=0x00000000, channelorder=0, peakvolume=0.485990.
[LOG] AsyncThread::threadFunc                  : Finished Asynchronous operation on sound 0000026835015788
[LOG] SoundI::release                          : Roll of the Dice main loop (00000268415E8048)
[LOG] SoundI::release                          :     Roll of the Dice main loop (000002672CBA80F8)
[LOG] SoundI::release                          :     Roll of the Dice main loop (000002684871AC78)
[LOG] SystemI::createSoundInternal             : Create name='', mode=0x02000202
[LOG] SystemI::createSoundInternal             : exinfo->cbsize             = 224
[LOG] SystemI::createSoundInternal             : exinfo->length             = 1526080
[LOG] SystemI::createSoundInternal             : exinfo->fileoffset         = 21088
[LOG] SystemI::createSoundInternal             : exinfo->numsubsounds       = 1
[LOG] SystemI::createSoundInternal             : exinfo->inclusionlist      = 000000D4A3F0EE88
[LOG] SystemI::createSoundInternal             : exinfo->inclusionlistnum   = 1
[LOG] SystemI::createSoundInternal             : exinfo->suggestedsoundtype = 5
[LOG] SystemI::createSoundInternal             : exinfo->useropen           = 00007FFEAE4A46D0
[LOG] SystemI::createSoundInternal             : exinfo->userclose          = 00007FFEAE4A46A0
[LOG] SystemI::createSoundInternal             : exinfo->userread           = 00007FFEAE4A47A0
[LOG] SystemI::createSoundInternal             : exinfo->userseek           = 00007FFEAE4A4860
[LOG] SystemI::createSoundInternal             : exinfo->fileuserdata       = 000002683AD458C8
[LOG] SystemI::createSoundInternal             : exinfo->initialseekpostype = 1
[LOG] SystemI::DSPCodecPoolRegister            : register codec pool for pool type 5
[LOG] SystemI::createSoundInternal             : Sample 0/1: name='Enemy Hit', format=5, channels=2, frequency=48000, lengthbytes=13824, lengthpcm=55170, pcmblocksize=0, loopstart=0, loopend=0, mode=0x00000000, channelmask=0x00000000, channelorder=0, peakvolume=0.236145.
[LOG] SystemI::createSoundInternal             : Create name='', mode=0x02000202
[LOG] SystemI::createSoundInternal             : exinfo->cbsize             = 224
[LOG] SystemI::createSoundInternal             : exinfo->length             = 1526080
[LOG] SystemI::createSoundInternal             : exinfo->fileoffset         = 21088
[LOG] SystemI::createSoundInternal             : exinfo->numsubsounds       = 1
[LOG] SystemI::createSoundInternal             : exinfo->inclusionlist      = 000000D4A3F0EE88
[LOG] SystemI::createSoundInternal             : exinfo->inclusionlistnum   = 1
[LOG] SystemI::createSoundInternal             : exinfo->suggestedsoundtype = 5
[LOG] SystemI::createSoundInternal             : exinfo->useropen           = 00007FFEAE4A46D0
[LOG] SystemI::createSoundInternal             : exinfo->userclose          = 00007FFEAE4A46A0
[LOG] SystemI::createSoundInternal             : exinfo->userread           = 00007FFEAE4A47A0
[LOG] SystemI::createSoundInternal             : exinfo->userseek           = 00007FFEAE4A4860
[LOG] SystemI::createSoundInternal             : exinfo->fileuserdata       = 000002686E021D28
[LOG] SystemI::createSoundInternal             : exinfo->initialseekpostype = 1
[LOG] SystemI::DSPCodecPoolRegister            : register codec pool for pool type 5
[LOG] SystemI::createSoundInternal             : Sample 0/1: name='Pentagon_Successful_Deflect', format=5, channels=2, frequency=48000, lengthbytes=10400, lengthpcm=36362, pcmblocksize=0, loopstart=0, loopend=0, mode=0x00000000, channelmask=0x00000000, channelorder=0, peakvolume=0.450378.
[LOG] SystemI::createSound                     : filename = Assets/GMTK 2022 FMOD/Build/Desktop/Master.bank : mode 02010082
[LOG] SystemI::createSound                     : FMOD_NONBLOCKING specified.  Putting into queue to be opened asynchronously!
[LOG] SystemI::createSound                     : setdata soundi = 0000026852DC7D28 : node = 000002682B75A6C0
[LOG] SystemI::createSound                     : add node to async list : head = 00000268DE5C7548.  list count = 0
[LOG] SystemI::createSound                     : filename = Assets/GMTK 2022 FMOD/Build/Desktop/Master.bank : mode 02010082
[LOG] AsyncThread::threadFunc                  : Starting Asynchronous operation on sound 0000026852DC7D28
[LOG] SystemI::createSound                     : FMOD_NONBLOCKING specified.  Putting into queue to be opened asynchronously!
[LOG] SystemI::createSoundInternal             :     Create name='Assets/GMTK 2022 FMOD/Build/Desktop/Master.bank', mode=0x02010082
[LOG] SystemI::createSound                     :     setdata soundi = 0000026852DC6228 : node = 000002682B75ABC0
[LOG] SystemI::createSoundInternal             :     exinfo->cbsize             = 224
[LOG] SystemI::createSound                     :     add node to async list : head = 00000268DE5C7548.  list count = 0
[LOG] SystemI::createSoundInternal             :     exinfo->length             = 1526080
[LOG] SystemI::createSoundInternal             :     exinfo->fileoffset         = 21088
[LOG] SystemI::createSoundInternal             :     exinfo->numsubsounds       = 1
[LOG] SystemI::createSoundInternal             :     exinfo->inclusionlist      = 000002682B75A7D0
[LOG] SystemI::createSoundInternal             :     exinfo->inclusionlistnum   = 1
[LOG] SystemI::createSoundInternal             :     exinfo->suggestedsoundtype = 5
[LOG] SystemI::createSoundInternal             :     exinfo->initialseekpostype = 1
[LOG] SystemI::createSoundInternal             :     Stream 0/1: name='Roll of the Dice layer 5', format=5, channels=2, frequency=48000, lengthbytes=289152, lengthpcm=1365333, pcmblocksize=0, loopstart=0, loopend=0, mode=0x00000000, channelmask=0x00000000, channelorder=0, peakvolume=0.227828.
[LOG] AsyncThread::threadFunc                  : Finished Asynchronous operation on sound 0000026852DC7D28
[LOG] AsyncThread::threadFunc                  : Starting Asynchronous operation on sound 0000026852DC6228
[LOG] SystemI::createSoundInternal             :     Create name='Assets/GMTK 2022 FMOD/Build/Desktop/Master.bank', mode=0x02010082
[LOG] SystemI::createSoundInternal             :     exinfo->cbsize             = 224
[LOG] SystemI::createSoundInternal             :     exinfo->length             = 1526080
[LOG] SystemI::createSoundInternal             :     exinfo->fileoffset         = 21088
[LOG] SystemI::createSoundInternal             :     exinfo->numsubsounds       = 1
[LOG] SystemI::createSoundInternal             :     exinfo->inclusionlist      = 000002682B75ACD0
[LOG] SystemI::createSoundInternal             :     exinfo->inclusionlistnum   = 1
[LOG] SystemI::createSoundInternal             :     exinfo->suggestedsoundtype = 5
[LOG] SystemI::createSoundInternal             :     exinfo->initialseekpostype = 1
[LOG] SystemI::createSoundInternal             :     Stream 0/1: name='Roll of the Dice main loop', format=5, channels=2, frequency=48000, lengthbytes=321312, lengthpcm=1365333, pcmblocksize=0, loopstart=0, loopend=0, mode=0x00000000, channelmask=0x00000000, channelorder=0, peakvolume=1.000000.
[LOG] AsyncThread::threadFunc                  : Finished Asynchronous operation on sound 0000026852DC6228
[LOG] SoundI::release                          : Roll of the Dice layer 2 (0000026835015788)
[LOG] SoundI::release                          :     Roll of the Dice layer 2 (00000267D25C2B98)
[LOG] SoundI::release                          :     Roll of the Dice layer 2 (000002683DA944A8)
[LOG] SoundI::release                          : Roll of the Dice main loop (00000268350155D8)
[LOG] SoundI::release                          :     Roll of the Dice main loop (00000267D25C21D8)
[LOG] SoundI::release                          :     Roll of the Dice main loop (000002683DA94B68)
[LOG] SystemI::createSoundInternal             : Create name='', mode=0x02000202
[LOG] SystemI::createSoundInternal             : exinfo->cbsize             = 224
[LOG] SystemI::createSoundInternal             : exinfo->length             = 1526080
[LOG] SystemI::createSoundInternal             : exinfo->fileoffset         = 21088
[LOG] SystemI::createSoundInternal             : exinfo->numsubsounds       = 1
[LOG] SystemI::createSoundInternal             : exinfo->inclusionlist      = 000000D4A3F0EE88
[LOG] SystemI::createSoundInternal             : exinfo->inclusionlistnum   = 1
[LOG] SystemI::createSoundInternal             : exinfo->suggestedsoundtype = 5
[LOG] SystemI::createSoundInternal             : exinfo->useropen           = 00007FFEAE4A46D0
[LOG] SystemI::createSoundInternal             : exinfo->userclose          = 00007FFEAE4A46A0
[LOG] SystemI::createSoundInternal             : exinfo->userread           = 00007FFEAE4A47A0
[LOG] SystemI::createSoundInternal             : exinfo->userseek           = 00007FFEAE4A4860
[LOG] SystemI::createSoundInternal             : exinfo->fileuserdata       = 000002684FDAFB28
[LOG] SystemI::createSoundInternal             : exinfo->initialseekpostype = 1
[LOG] SystemI::DSPCodecPoolRegister            : register codec pool for pool type 5
[LOG] SystemI::createSoundInternal             : Sample 0/1: name='Sentry Setup', format=5, channels=2, frequency=48000, lengthbytes=16512, lengthpcm=47647, pcmblocksize=0, loopstart=0, loopend=0, mode=0x00000000, channelmask=0x00000000, channelorder=0, peakvolume=0.999969.
[LOG] SystemI::createSound                     : filename = Assets/GMTK 2022 FMOD/Build/Desktop/Master.bank : mode 02010082
[LOG] SystemI::createSound                     : FMOD_NONBLOCKING specified.  Putting into queue to be opened asynchronously!
[LOG] SystemI::createSound                     : setdata soundi = 0000026852DC8FB8 : node = 000002682B75AD00
[LOG] SystemI::createSound                     : add node to async list : head = 00000268DE5C7548.  list count = 0
[LOG] AsyncThread::threadFunc                  : Starting Asynchronous operation on sound 0000026852DC8FB8
[LOG] SystemI::createSoundInternal             :     Create name='Assets/GMTK 2022 FMOD/Build/Desktop/Master.bank', mode=0x02010082
[LOG] SystemI::createSoundInternal             :     exinfo->cbsize             = 224
[LOG] SystemI::createSoundInternal             :     exinfo->length             = 1526080
[LOG] SystemI::createSoundInternal             :     exinfo->fileoffset         = 21088
[LOG] SystemI::createSoundInternal             :     exinfo->numsubsounds       = 1
[LOG] SystemI::createSoundInternal             :     exinfo->inclusionlist      = 000002682B75AE10
[LOG] SystemI::createSoundInternal             :     exinfo->inclusionlistnum   = 1
[LOG] SystemI::createSoundInternal             :     exinfo->suggestedsoundtype = 5
[LOG] SystemI::createSoundInternal             :     exinfo->initialseekpostype = 1
[LOG] SystemI::createSoundInternal             :     Stream 0/1: name='Roll of the Dice main loop', format=5, channels=2, frequency=48000, lengthbytes=321312, lengthpcm=1365333, pcmblocksize=0, loopstart=0, loopend=0, mode=0x00000000, channelmask=0x00000000, channelorder=0, peakvolume=1.000000.
[LOG] AsyncThread::threadFunc                  : Finished Asynchronous operation on sound 0000026852DC8FB8
[LOG] SoundI::release                          : Roll of the Dice main loop (0000026852DC6228)
[LOG] SoundI::release                          :     Roll of the Dice main loop (000002648A4C3528)
[LOG] SoundI::release                          :     Roll of the Dice main loop (000002683DA949B8)
[LOG] SoundI::release                          : Roll of the Dice layer 5 (0000026852DC7D28)
[LOG] SoundI::release                          :     Roll of the Dice layer 5 (000002648A4C3A08)
[LOG] SoundI::release                          :     Roll of the Dice layer 5 (000002683DA94D18)
[LOG] SystemI::createSound                     : filename = Assets/GMTK 2022 FMOD/Build/Desktop/Master.bank : mode 02010082
[LOG] SystemI::createSound                     : FMOD_NONBLOCKING specified.  Putting into queue to be opened asynchronously!
[LOG] SystemI::createSound                     : setdata soundi = 0000026852DC6C48 : node = 000002682B75A6C0
[LOG] SystemI::createSound                     : add node to async list : head = 00000268DE5C7548.  list count = 0
[LOG] SystemI::createSound                     : filename = Assets/GMTK 2022 FMOD/Build/Desktop/Master.bank : mode 02010082
[LOG] AsyncThread::threadFunc                  : Starting Asynchronous operation on sound 0000026852DC6C48
[LOG] SystemI::createSound                     : FMOD_NONBLOCKING specified.  Putting into queue to be opened asynchronously!
[LOG] SystemI::createSoundInternal             :     Create name='Assets/GMTK 2022 FMOD/Build/Desktop/Master.bank', mode=0x02010082
[LOG] SystemI::createSound                     :     setdata soundi = 0000026852DC6DF8 : node = 000002682B75ABC0
[LOG] SystemI::createSoundInternal             :     exinfo->cbsize             = 224
[LOG] SystemI::createSound                     :     add node to async list : head = 00000268DE5C7548.  list count = 0
[LOG] SystemI::createSoundInternal             :     exinfo->length             = 1526080
[LOG] SystemI::createSoundInternal             :     exinfo->fileoffset         = 21088
[LOG] SystemI::createSoundInternal             :     exinfo->numsubsounds       = 1
[LOG] SystemI::createSoundInternal             :     exinfo->inclusionlist      = 000002682B75A7D0
[LOG] SystemI::createSoundInternal             :     exinfo->inclusionlistnum   = 1
[LOG] SystemI::createSoundInternal             :     exinfo->suggestedsoundtype = 5
[LOG] SystemI::createSoundInternal             :     exinfo->initialseekpostype = 1
[LOG] SystemI::createSoundInternal             :     Stream 0/1: name='Roll of the Dice main loop', format=5, channels=2, frequency=48000, lengthbytes=321312, lengthpcm=1365333, pcmblocksize=0, loopstart=0, loopend=0, mode=0x00000000, channelmask=0x00000000, channelorder=0, peakvolume=1.000000.
[LOG] AsyncThread::threadFunc                  : Finished Asynchronous operation on sound 0000026852DC6C48
[LOG] AsyncThread::threadFunc                  : Starting Asynchronous operation on sound 0000026852DC6DF8
[LOG] SystemI::createSoundInternal             :     Create name='Assets/GMTK 2022 FMOD/Build/Desktop/Master.bank', mode=0x02010082
[LOG] SystemI::createSoundInternal             :     exinfo->cbsize             = 224
[LOG] SystemI::createSoundInternal             :     exinfo->length             = 1526080
[LOG] SystemI::createSoundInternal             :     exinfo->fileoffset         = 21088
[LOG] SystemI::createSoundInternal             :     exinfo->numsubsounds       = 1
[LOG] SystemI::createSoundInternal             :     exinfo->inclusionlist      = 000002682B75ACD0
[LOG] SystemI::createSoundInternal             :     exinfo->inclusionlistnum   = 1
[LOG] SystemI::createSoundInternal             :     exinfo->suggestedsoundtype = 5
[LOG] SystemI::createSoundInternal             :     exinfo->initialseekpostype = 1
[LOG] SystemI::createSoundInternal             :     Stream 0/1: name='Roll of the Dice layer 2', format=5, channels=2, frequency=48000, lengthbytes=170400, lengthpcm=1365333, pcmblocksize=0, loopstart=0, loopend=0, mode=0x00000000, channelmask=0x00000000, channelorder=0, peakvolume=0.485990.
[LOG] AsyncThread::threadFunc                  : Finished Asynchronous operation on sound 0000026852DC6DF8
[LOG] SoundI::release                          : Roll of the Dice main loop (0000026852DC8FB8)
[LOG] SoundI::release                          :     Roll of the Dice main loop (000002648A4C3868)
[LOG] SoundI::release                          :     Roll of the Dice main loop (000002683DA94EC8)
[LOG] SystemI::createSound                     : filename = Assets/GMTK 2022 FMOD/Build/Desktop/Master.bank : mode 02010082
[LOG] SystemI::createSound                     : FMOD_NONBLOCKING specified.  Putting into queue to be opened asynchronously!
[LOG] SystemI::createSound                     : setdata soundi = 00000267D2A2E688 : node = 0000026852DD25A0
[LOG] SystemI::createSound                     : add node to async list : head = 00000268DE5C7548.  list count = 0
[LOG] AsyncThread::threadFunc                  : Starting Asynchronous operation on sound 00000267D2A2E688
[LOG] SystemI::createSoundInternal             :     Create name='Assets/GMTK 2022 FMOD/Build/Desktop/Master.bank', mode=0x02010082
[LOG] SystemI::createSoundInternal             :     exinfo->cbsize             = 224
[LOG] SystemI::createSoundInternal             :     exinfo->length             = 1526080
[LOG] SystemI::createSoundInternal             :     exinfo->fileoffset         = 21088
[LOG] SystemI::createSoundInternal             :     exinfo->numsubsounds       = 1
[LOG] SystemI::createSoundInternal             :     exinfo->inclusionlist      = 0000026852DD26B0
[LOG] SystemI::createSoundInternal             :     exinfo->inclusionlistnum   = 1
[LOG] SystemI::createSoundInternal             :     exinfo->suggestedsoundtype = 5
[LOG] SystemI::createSoundInternal             :     exinfo->initialseekpostype = 1
[LOG] SystemI::createSoundInternal             :     Stream 0/1: name='Roll of the Dice main loop', format=5, channels=2, frequency=48000, lengthbytes=321312, lengthpcm=1365333, pcmblocksize=0, loopstart=0, loopend=0, mode=0x00000000, channelmask=0x00000000, channelorder=0, peakvolume=1.000000.
[LOG] AsyncThread::threadFunc                  : Finished Asynchronous operation on sound 00000267D2A2E688
[LOG] SystemI::mixerSuspend                    : Suspending output.
[LOG] SystemI::mixerResume                     : Resuming output.
[LOG] AsyncThread::threadFunc                  : Starting Asynchronous operation on sound 000002683DA94D18
[LOG] AsyncThread::threadFunc                  : Finished Asynchronous operation on sound 000002683DA94D18
[LOG] AsyncThread::threadFunc                  : Starting Asynchronous operation on sound 000002686BA48D58
[LOG] AsyncThread::threadFunc                  : Finished Asynchronous operation on sound 000002686BA48D58
[LOG] AsyncThread::threadFunc                  : Starting Asynchronous operation on sound 000002683DA944A8
[LOG] AsyncThread::threadFunc                  : Finished Asynchronous operation on sound 000002683DA944A8
[LOG] SoundI::release                          : Roll of the Dice main loop (00000267D2A2E688)
[LOG] SoundI::release                          :     Roll of the Dice main loop (00000268BF24FDF8)
[LOG] SoundI::release                          :     Roll of the Dice main loop (000002686BA48D58)
[LOG] SoundI::release                          : Roll of the Dice layer 2 (0000026852DC6DF8)
[LOG] SoundI::release                          :     Roll of the Dice layer 2 (000002648A4C3388)
[LOG] SoundI::release                          :     Roll of the Dice layer 2 (000002683DA944A8)
[LOG] SoundI::release                          : Roll of the Dice main loop (0000026852DC6C48)
[LOG] SoundI::release                          :     Roll of the Dice main loop (000002648A4C3A08)
[LOG] SoundI::release                          :     Roll of the Dice main loop (000002683DA94D18)
[LOG] SoundI::release                          :  (000002683C3E8348)
[LOG] SoundI::release                          :     Sentry Setup (0000026702ACE8E8)
[LOG] SoundI::release                          :  (000002681A13CC48)
[LOG] SoundI::release                          :     Pentagon_Successful_Deflect (00000267E58CF338)
[LOG] SoundI::release                          :  (0000026848CED348)
[LOG] SoundI::release                          :     Dice Charge (00000267D26558A8)
[LOG] SoundI::release                          :  (000002683C3E8D58)
[LOG] SoundI::release                          :     Dice Pop (00000267D2655BE8)
[LOG] SoundI::release                          :  (0000026848CED798)
[LOG] SoundI::release                          :     Triangle_Basic_Shot (00000267D2655568)
[LOG] SoundI::release                          :  (0000026884FE7B58)
[LOG] SoundI::release                          :     Enemy Hit (00000268DE415928)
[LOG] Thread::callback                         : FMOD Studio update thread finished.
[LOG] Thread::callback                         : FMOD Studio bank load thread finished.
[LOG] Profile::disconnectAll                   : Profiler disconnecting all clients
[LOG] Thread::callback                         : FMOD Studio sample load thread finished.
[LOG] LiveUpdate::release                      : 
[LOG] LiveUpdate::reset                        : Reset connection (reason Disconnected)
[LOG] Thread::callback                         : FMOD stream thread finished.
[LOG] Thread::callback                         : FMOD mixer thread finished.
[LOG] Profile::disconnectAll                   : Profiler disconnecting all clients
[LOG] SystemI::close                           : Closed.
[LOG] Thread::callback                         : FMOD Studio bank load thread finished.
[LOG] Thread::callback                         : FMOD Studio sample load thread finished.
[LOG] LiveUpdate::release                      : 
[LOG] LiveUpdate::reset                        : Reset connection (reason Disconnected)
[LOG] Thread::callback                         : FMOD stream thread finished.
[LOG] Thread::callback                         : FMOD mixer thread finished.
[LOG] SystemI::close                           : Closed.
[LOG] Thread::callback                         : FMOD nonblocking thread (0) finished.
[LOG] Thread::callback                         : FMOD file thread finished.
